05-Sep-2018 23:25:17.621 INFO [main] org.apache.catalina.startup.VersionLoggerListener.log Server version:        Apache Tomcat/9.0.11
05-Sep-2018 23:25:17.625 INFO [main] org.apache.catalina.startup.VersionLoggerListener.log Server built:          Aug 11 2018 19:47:23 UTC
05-Sep-2018 23:25:17.625 INFO [main] org.apache.catalina.startup.VersionLoggerListener.log Server number:         9.0.11.0
05-Sep-2018 23:25:17.625 INFO [main] org.apache.catalina.startup.VersionLoggerListener.log OS Name:               Linux
05-Sep-2018 23:25:17.626 INFO [main] org.apache.catalina.startup.VersionLoggerListener.log OS Version:            4.9.0-6-amd64
05-Sep-2018 23:25:17.626 INFO [main] org.apache.catalina.startup.VersionLoggerListener.log Architecture:          amd64
05-Sep-2018 23:25:17.626 INFO [main] org.apache.catalina.startup.VersionLoggerListener.log Java Home:             /usr/lib/jvm/java-1.8-openjdk/jre
05-Sep-2018 23:25:17.626 INFO [main] org.apache.catalina.startup.VersionLoggerListener.log JVM Version:           1.8.0_171-b11
05-Sep-2018 23:25:17.626 INFO [main] org.apache.catalina.startup.VersionLoggerListener.log JVM Vendor:            Oracle Corporation
05-Sep-2018 23:25:17.626 INFO [main] org.apache.catalina.startup.VersionLoggerListener.log CATALINA_BASE:         /usr/local/tomcat
05-Sep-2018 23:25:17.626 INFO [main] org.apache.catalina.startup.VersionLoggerListener.log CATALINA_HOME:         /usr/local/tomcat
05-Sep-2018 23:25:17.627 INFO [main] org.apache.catalina.startup.VersionLoggerListener.log Command line argument: -Djava.util.logging.config.file=/usr/local/tomcat/conf/logging.properties
05-Sep-2018 23:25:17.627 INFO [main] org.apache.catalina.startup.VersionLoggerListener.log Command line argument: -Djava.util.logging.manager=org.apache.juli.ClassLoaderLogManager
05-Sep-2018 23:25:17.627 INFO [main] org.apache.catalina.startup.VersionLoggerListener.log Command line argument: -Djdk.tls.ephemeralDHKeySize=2048
05-Sep-2018 23:25:17.627 INFO [main] org.apache.catalina.startup.VersionLoggerListener.log Command line argument: -Djava.protocol.handler.pkgs=org.apache.catalina.webresources
05-Sep-2018 23:25:17.627 INFO [main] org.apache.catalina.startup.VersionLoggerListener.log Command line argument: -Dorg.apache.catalina.security.SecurityListener.UMASK=0027
05-Sep-2018 23:25:17.628 INFO [main] org.apache.catalina.startup.VersionLoggerListener.log Command line argument: -Xms4096m
05-Sep-2018 23:25:17.628 INFO [main] org.apache.catalina.startup.VersionLoggerListener.log Command line argument: -Xmx4096m
05-Sep-2018 23:25:17.628 INFO [main] org.apache.catalina.startup.VersionLoggerListener.log Command line argument: -Dignore.endorsed.dirs=
05-Sep-2018 23:25:17.628 INFO [main] org.apache.catalina.startup.VersionLoggerListener.log Command line argument: -Dcatalina.base=/usr/local/tomcat
05-Sep-2018 23:25:17.628 INFO [main] org.apache.catalina.startup.VersionLoggerListener.log Command line argument: -Dcatalina.home=/usr/local/tomcat
05-Sep-2018 23:25:17.628 INFO [main] org.apache.catalina.startup.VersionLoggerListener.log Command line argument: -Djava.io.tmpdir=/usr/local/tomcat/temp
05-Sep-2018 23:25:17.628 INFO [main] org.apache.catalina.core.AprLifecycleListener.lifecycleEvent Loaded APR based Apache Tomcat Native library [1.2.17] using APR version [1.6.3].
05-Sep-2018 23:25:17.628 INFO [main] org.apache.catalina.core.AprLifecycleListener.lifecycleEvent APR capabilities: IPv6 [true], sendfile [true], accept filters [false], random [true].
05-Sep-2018 23:25:17.629 INFO [main] org.apache.catalina.core.AprLifecycleListener.lifecycleEvent APR/OpenSSL configuration: useAprConnector [false], useOpenSSL [true]
05-Sep-2018 23:25:17.634 INFO [main] org.apache.catalina.core.AprLifecycleListener.initializeSSL OpenSSL successfully initialized [OpenSSL 1.0.2o  27 Mar 2018]
05-Sep-2018 23:25:17.817 INFO [main] org.apache.coyote.AbstractProtocol.init Initializing ProtocolHandler ["http-nio-8080"]
05-Sep-2018 23:25:17.835 INFO [main] org.apache.tomcat.util.net.NioSelectorPool.getSharedSelector Using a shared selector for servlet write/read
05-Sep-2018 23:25:17.850 INFO [main] org.apache.coyote.AbstractProtocol.init Initializing ProtocolHandler ["ajp-nio-8009"]
05-Sep-2018 23:25:17.852 INFO [main] org.apache.tomcat.util.net.NioSelectorPool.getSharedSelector Using a shared selector for servlet write/read
05-Sep-2018 23:25:17.853 INFO [main] org.apache.catalina.startup.Catalina.load Initialization processed in 747 ms
05-Sep-2018 23:25:17.895 INFO [main] org.apache.catalina.core.StandardService.startInternal Starting service [Catalina]
05-Sep-2018 23:25:17.895 INFO [main] org.apache.catalina.core.StandardEngine.startInternal Starting Servlet Engine: Apache Tomcat/9.0.11
05-Sep-2018 23:25:17.935 INFO [main] org.apache.catalina.startup.HostConfig.deployWAR Deploying web application archive [/usr/local/tomcat/webapps/lens2odata.war]
05-Sep-2018 23:25:25.426 WARNING [main] org.apache.catalina.startup.ContextConfig.validateSecurityRoles Security role name [lens2odata] used in an <auth-constraint> without being defined in a <security-role>
05-Sep-2018 23:25:25.817 INFO [main] org.apache.jasper.servlet.TldScanner.scanJars jsp.tldCache.noTldSummary
05-Sep-2018 23:25:25.883 INFO [main] org.apache.catalina.startup.HostConfig.deployWAR Deployment of web application archive [/usr/local/tomcat/webapps/lens2odata.war] has finished in [7,947] ms
05-Sep-2018 23:25:25.886 INFO [main] org.apache.catalina.startup.HostConfig.deployWAR Deploying web application archive [/usr/local/tomcat/webapps/odata2sparql.war]
05-Sep-2018 23:25:31.563 INFO [main] org.apache.jasper.servlet.TldScanner.scanJars jsp.tldCache.noTldSummary
SLF4J: Class path contains multiple SLF4J bindings.
SLF4J: Found binding in [jar:file:/opt/hbase-1.1.2/lib/slf4j-log4j12-1.7.5.jar!/org/slf4j/impl/StaticLoggerBinder.class]
SLF4J: Found binding in [jar:file:/usr/local/tomcat/temp/0-odata2sparql/WEB-INF/lib/logback-classic-1.2.3.jar!/org/slf4j/impl/StaticLoggerBinder.class]
SLF4J: Found binding in [jar:file:/usr/local/tomcat/temp/0-odata2sparql/WEB-INF/lib/slf4j-simple-1.7.11.jar!/org/slf4j/impl/StaticLoggerBinder.class]
SLF4J: See http://www.slf4j.org/codes.html#multiple_bindings for an explanation.
SLF4J: Actual binding is of type [ch.qos.logback.classic.util.ContextSelectorStaticBinder]
23:25:31.871 [main] INFO  org.eclipse.jetty.util.log - Logging initialized @15146ms
05-Sep-2018 23:25:31.884 INFO [main] org.apache.catalina.startup.HostConfig.deployWAR Deployment of web application archive [/usr/local/tomcat/webapps/odata2sparql.war] has finished in [5,999] ms
05-Sep-2018 23:25:31.885 INFO [main] org.apache.catalina.startup.HostConfig.deployWAR Deploying web application archive [/usr/local/tomcat/webapps/rdf4j-workbench.war]
